#
# A fatal error has been detected by the Java Runtime Environment:
#
#  EXCEPTION_ACCESS_VIOLATION (0xc0000005) at pc=0x6d9016bb, pid=13920, tid=14004
#
# JRE version: 6.0_23-b05
# Java VM: Java HotSpot(TM) Client VM (19.0-b09 mixed mode windows-x86 )
# Problematic frame:
# V  [jvm.dll+0x1116bb]
#
# If you would like to submit a bug report, please visit:
#   http://java.sun.com/webapps/bugreport/crash.jsp
#

---------------  T H R E A D  ---------------

Current thread (0x01b47c00):  JavaThread "JDWP Transport Listener: dt_socket" daemon [_thread_in_vm, id=14004, stack(0x17ec0000,0x17f10000)]

siginfo: ExceptionCode=0xc0000005, reading address 0x00003b65

Registers:
EAX=0x00003b65, EBX=0x00000000, ECX=0x000071ee, EDX=0x00000000
ESP=0x17f0fa14, EBP=0x17f0fa18, ESI=0x01b47c00, EDI=0x01a90fd8
EIP=0x6d9016bb, EFLAGS=0x00010206

Register to memory mapping:

EAX=0x00003b65
0x00003b65 is pointing to unknown location

EBX=0x00000000
0x00000000 is pointing to unknown location

ECX=0x000071ee
0x000071ee is pointing to unknown location

EDX=0x00000000
0x00000000 is pointing to unknown location

ESP=0x17f0fa14
0x17f0fa14 is pointing into the stack for thread: 0x01b47c00
"JDWP Transport Listener: dt_socket" daemon prio=6 tid=0x01b47c00 nid=0x36b4 runnable [0x00000000]
   java.lang.Thread.State: RUNNABLE

EBP=0x17f0fa18
0x17f0fa18 is pointing into the stack for thread: 0x01b47c00
"JDWP Transport Listener: dt_socket" daemon prio=6 tid=0x01b47c00 nid=0x36b4 runnable [0x00000000]
   java.lang.Thread.State: RUNNABLE

ESI=0x01b47c00
"JDWP Transport Listener: dt_socket" daemon prio=6 tid=0x01b47c00 nid=0x36b4 runnable [0x00000000]
   java.lang.Thread.State: RUNNABLE

EDI=0x01a90fd8
0x01a90fd8 is pointing to unknown location


Top of Stack: (sp=0x17f0fa14)
0x17f0fa14:   01b47c00 17f0fa40 6d926ff2 00003b65
0x17f0fa24:   17f0fac4 17f0fa7b 01b47c00 00000000
0x17f0fa34:   00000000 00000000 01b47c00 17f0fa7c
0x17f0fa44:   6d38976e 01a90fd8 00003b65 17f0fa7b
0x17f0fa54:   00003b65 6d3742c9 00003b65 17f0fa7b
0x17f0fa64:   00000003 00000000 00000000 00000004
0x17f0fa74:   00000000 00f0fa9c 17f0fa9c 6d374434
0x17f0fa84:   00000001 17f0fab8 17f0fc54 6d392b02 

Instructions: (pc=0x6d9016bb)
0x6d9016ab:   cc cc cc cc cc 55 8b ec 8b 45 08 85 c0 56 74 25
0x6d9016bb:   8b 30 85 f6 74 1f 81 fe fe fe fe fe 74 17 8b 46 


Stack: [0x17ec0000,0x17f10000],  sp=0x17f0fa14,  free space=318k
Native frames: (J=compiled Java code, j=interpreted, Vv=VM code, C=native code)
V  [jvm.dll+0x1116bb]
V  [jvm.dll+0x136ff2]
C  [jdwp.dll+0x1976e]
C  [jdwp.dll+0x4434]
C  [jdwp.dll+0x4472]
C  [jdwp.dll+0x17d53]
V  [jvm.dll+0x18843c]
C  [msvcr71.dll+0x9565]
C  [kernel32.dll+0x51194]
C  [ntdll.dll+0x5b495]
C  [ntdll.dll+0x5b468]


---------------  P R O C E S S  ---------------

Java Threads: ( => current thread )
  0x183c2800 JavaThread "TimerQueue" daemon [_thread_blocked, id=14152, stack(0x1aca0000,0x1acf0000)]
  0x18397800 JavaThread "Swing-Shell" daemon [_thread_blocked, id=14116, stack(0x1b060000,0x1b0b0000)]
  0x00259c00 JavaThread "DestroyJavaVM" [_thread_blocked, id=13960, stack(0x001e0000,0x00230000)]
  0x18381400 JavaThread "D3D Screen Updater" daemon [_thread_blocked, id=14096, stack(0x1a940000,0x1a990000)]
  0x18330c00 JavaThread "AWT-EventQueue-0" [_thread_blocked, id=14092, stack(0x189a0000,0x189f0000)]
  0x182dac00 JavaThread "AWT-Windows" daemon [_thread_in_native, id=14068, stack(0x18760000,0x187b0000)]
  0x182d8400 JavaThread "AWT-Shutdown" [_thread_blocked, id=14064, stack(0x186a0000,0x186f0000)]
  0x1828fc00 JavaThread "Java2D Disposer" daemon [_thread_blocked, id=14060, stack(0x18650000,0x186a0000)]
  0x01b62800 JavaThread "Low Memory Detector" daemon [_thread_blocked, id=14044, stack(0x181d0000,0x18220000)]
  0x01b62400 JavaThread "CompilerThread0" daemon [_thread_blocked, id=14040, stack(0x18120000,0x18170000)]
  0x01b4ac00 JavaThread "JDWP Command Reader" daemon [_thread_in_native, id=14012, stack(0x17f90000,0x17fe0000)]
  0x01b49c00 JavaThread "JDWP Event Helper Thread" daemon [_thread_blocked, id=14008, stack(0x17f10000,0x17f60000)]
=>0x01b47c00 JavaThread "JDWP Transport Listener: dt_socket" daemon [_thread_in_vm, id=14004, stack(0x17ec0000,0x17f10000)]
  0x01b3c000 JavaThread "Attach Listener" daemon [_thread_blocked, id=13988, stack(0x17cd0000,0x17d20000)]
  0x01b3b400 JavaThread "Signal Dispatcher" daemon [_thread_blocked, id=13984, stack(0x17c80000,0x17cd0000)]
  0x01b0f000 JavaThread "Finalizer" daemon [_thread_blocked, id=13976, stack(0x17c30000,0x17c80000)]
  0x01b0a800 JavaThread "Reference Handler" daemon [_thread_blocked, id=13972, stack(0x016e0000,0x01730000)]

Other Threads:
  0x01b07800 VMThread [stack: 0x01290000,0x012e0000] [id=13968]
  0x01b6e000 WatcherThread [stack: 0x18220000,0x18270000] [id=14048]

VM state:not at safepoint (normal execution)

VM Mutex/Monitor currently owned by a thread: None

Heap
 def new generation   total 4928K, used 1180K [0x03b80000, 0x040d0000, 0x090d0000)
  eden space 4416K,  15% used [0x03b80000, 0x03c27198, 0x03fd0000)
  from space 512K, 100% used [0x04050000, 0x040d0000, 0x040d0000)
  to   space 512K,   0% used [0x03fd0000, 0x03fd0000, 0x04050000)
 tenured generation   total 10944K, used 257K [0x090d0000, 0x09b80000, 0x13b80000)
   the space 10944K,   2% used [0x090d0000, 0x09110500, 0x09110600, 0x09b80000)
 compacting perm gen  total 12288K, used 8502K [0x13b80000, 0x14780000, 0x17b80000)
   the space 12288K,  69% used [0x13b80000, 0x143cdbc8, 0x143cdc00, 0x14780000)
No shared spaces configured.

Dynamic libraries:
0x00400000 - 0x00424000 	C:\Program Files\java\jre6\bin\javaw.exe
0x77340000 - 0x7747c000 	C:\Windows\SYSTEM32\ntdll.dll
0x76070000 - 0x76144000 	C:\Windows\system32\kernel32.dll
0x756f0000 - 0x7573a000 	C:\Windows\system32\KERNELBASE.dll
0x76f40000 - 0x76fe0000 	C:\Windows\system32\ADVAPI32.dll
0x75be0000 - 0x75c8c000 	C:\Windows\system32\msvcrt.dll
0x77480000 - 0x77499000 	C:\Windows\SYSTEM32\sechost.dll
0x774c0000 - 0x77561000 	C:\Windows\system32\RPCRT4.dll
0x75c90000 - 0x75d59000 	C:\Windows\system32\USER32.dll
0x75b20000 - 0x75b6e000 	C:\Windows\system32\GDI32.dll
0x774a0000 - 0x774aa000 	C:\Windows\system32\LPK.dll
0x76150000 - 0x761ed000 	C:\Windows\system32\USP10.dll
0x75790000 - 0x757af000 	C:\Windows\system32\IMM32.DLL
0x77070000 - 0x7713c000 	C:\Windows\system32\MSCTF.dll
0x7c340000 - 0x7c396000 	C:\Program Files\java\jre6\bin\msvcr71.dll
0x6d7f0000 - 0x6da9c000 	C:\Program Files\java\jre6\bin\client\jvm.dll
0x737d0000 - 0x73802000 	C:\Windows\system32\WINMM.dll
0x753a0000 - 0x753eb000 	C:\Windows\system32\apphelp.dll
0x6d7a0000 - 0x6d7ac000 	C:\Program Files\java\jre6\bin\verify.dll
0x6d320000 - 0x6d33f000 	C:\Program Files\java\jre6\bin\java.dll
0x6d280000 - 0x6d288000 	C:\Program Files\java\jre6\bin\hpi.dll
0x75820000 - 0x75825000 	C:\Windows\system32\PSAPI.DLL
0x6d370000 - 0x6d399000 	C:\Program Files\java\jre6\bin\jdwp.dll
0x6d690000 - 0x6d696000 	C:\Program Files\java\jre6\bin\npt.dll
0x6d7e0000 - 0x6d7ef000 	C:\Program Files\java\jre6\bin\zip.dll
0x6d200000 - 0x6d207000 	C:\Program Files\java\jre6\bin\dt_socket.dll
0x75ba0000 - 0x75bd5000 	C:\Windows\system32\WS2_32.dll
0x774b0000 - 0x774b6000 	C:\Windows\system32\NSI.dll
0x73210000 - 0x73220000 	C:\Windows\system32\NLAapi.dll
0x74f00000 - 0x74f3c000 	C:\Windows\System32\mswsock.dll
0x74dc0000 - 0x74e04000 	C:\Windows\system32\DNSAPI.dll
0x6f0c0000 - 0x6f0c8000 	C:\Windows\System32\winrnr.dll
0x6f0b0000 - 0x6f0c0000 	C:\Windows\system32\napinsp.dll
0x6f090000 - 0x6f0a2000 	C:\Windows\system32\pnrpnsp.dll
0x6f080000 - 0x6f08d000 	C:\Windows\system32\wshbth.dll
0x6f050000 - 0x6f075000 	C:\Program Files\Bonjour\mdnsNSP.dll
0x735f0000 - 0x7360c000 	C:\Windows\system32\Iphlpapi.DLL
0x73680000 - 0x73687000 	C:\Windows\system32\WINNSI.DLL
0x6f020000 - 0x6f047000 	C:\Program Files\Common Files\Microsoft Shared\Windows Live\WLIDNSP.DLL
0x77140000 - 0x77197000 	C:\Windows\system32\SHLWAPI.dll
0x71870000 - 0x718a8000 	C:\Windows\System32\fwpuclnt.dll
0x6c400000 - 0x6c406000 	C:\Windows\system32\rasadhlp.dll
0x74590000 - 0x74595000 	C:\Windows\System32\wshtcpip.dll
0x6d000000 - 0x6d14a000 	C:\Program Files\Java\jre6\bin\awt.dll
0x73740000 - 0x73791000 	C:\Windows\system32\WINSPOOL.DRV
0x75830000 - 0x7598c000 	C:\Windows\system32\ole32.dll
0x74a10000 - 0x74bae000 	C:\Windows\WinSxS\x86_microsoft.windows.common-controls_6595b64144ccf1df_6.0.7600.16661_none_420fe3fa2b8113bd\COMCTL32.dll
0x73c20000 - 0x73c33000 	C:\Windows\system32\DWMAPI.DLL
0x73e50000 - 0x73e90000 	C:\Windows\system32\uxtheme.dll
0x6d230000 - 0x6d27f000 	C:\Program Files\Java\jre6\bin\fontmanager.dll
0x75480000 - 0x7548c000 	C:\Windows\system32\CRYPTBASE.dll
0x5fa50000 - 0x5fc13000 	C:\Windows\system32\d3d9.dll
0x74580000 - 0x74589000 	C:\Windows\system32\VERSION.dll
0x73450000 - 0x73456000 	C:\Windows\system32\d3d8thk.dll
0x64de0000 - 0x6577d000 	C:\Windows\system32\nvd3dum.dll
0x74360000 - 0x74385000 	C:\Windows\system32\powrprof.dll
0x771a0000 - 0x7733d000 	C:\Windows\system32\SETUPAPI.dll
0x75740000 - 0x75767000 	C:\Windows\system32\CFGMGR32.dll
0x75fe0000 - 0x7606f000 	C:\Windows\system32\OLEAUT32.dll
0x75770000 - 0x75782000 	C:\Windows\system32\DEVOBJ.dll
0x762f0000 - 0x76f39000 	C:\Windows\system32\shell32.dll
0x6d600000 - 0x6d613000 	C:\Program Files\Java\jre6\bin\net.dll
0x74ef0000 - 0x74ef6000 	C:\Windows\System32\wship6.dll
0x6d620000 - 0x6d629000 	C:\Program Files\Java\jre6\bin\nio.dll
0x76fe0000 - 0x77063000 	C:\Windows\system32\CLBCatQ.DLL
0x73f60000 - 0x74055000 	C:\Windows\system32\propsys.dll
0x73d60000 - 0x73d81000 	C:\Windows\system32\ntmarta.dll
0x75ad0000 - 0x75b15000 	C:\Windows\system32\WLDAP32.dll
0x69190000 - 0x69328000 	C:\Windows\system32\NetworkExplorer.dll
0x6a690000 - 0x6a6be000 	C:\Windows\System32\shdocvw.dll
0x75490000 - 0x7549b000 	C:\Windows\system32\profapi.dll
0x730d0000 - 0x730da000 	C:\Windows\system32\slc.dll
0x6f8e0000 - 0x6f8f2000 	C:\Windows\system32\MPR.dll
0x6acd0000 - 0x6acd8000 	C:\Windows\System32\drprov.dll
0x746c0000 - 0x746e9000 	C:\Windows\System32\WINSTA.dll
0x6ac90000 - 0x6aca4000 	C:\Windows\System32\ntlanman.dll
0x6ac70000 - 0x6ac86000 	C:\Windows\System32\davclnt.dll
0x6a520000 - 0x6a528000 	C:\Windows\System32\DAVHLPR.dll
0x74850000 - 0x7485f000 	C:\Windows\system32\wkscli.dll
0x6aff0000 - 0x6affb000 	C:\Windows\system32\cscapi.dll
0x74cc0000 - 0x74cc9000 	C:\Windows\system32\netutils.dll
0x5fe40000 - 0x60078000 	C:\Windows\system32\wpdshext.dll
0x74880000 - 0x74a10000 	C:\Windows\WinSxS\x86_microsoft.windows.gdiplus_6595b64144ccf1df_1.1.7600.16385_none_72fc7cbf861225ca\gdiplus.dll
0x72f80000 - 0x73009000 	C:\Windows\system32\PortableDeviceApi.dll
0x755a0000 - 0x755cd000 	C:\Windows\system32\WINTRUST.dll
0x755d0000 - 0x756ec000 	C:\Windows\system32\CRYPT32.dll
0x75500000 - 0x7550c000 	C:\Windows\system32\MSASN1.dll
0x73010000 - 0x7303b000 	C:\Windows\system32\PortableDeviceTypes.dll
0x63200000 - 0x6323f000 	C:\Windows\system32\audiodev.dll
0x69870000 - 0x69ad7000 	C:\Windows\system32\WMVCore.DLL
0x6b1e0000 - 0x6b21d000 	C:\Windows\system32\WMASF.DLL
0x6b930000 - 0x6b961000 	C:\Windows\system32\EhStorShell.dll
0x69e30000 - 0x69e52000 	C:\Windows\system32\EhStorAPI.dll
0x6a680000 - 0x6a689000 	C:\Windows\system32\LINKINFO.dll

VM Arguments:
jvm_args: -agentlib:jdwp=transport=dt_socket,suspend=y,address=localhost:50429 -Dfile.encoding=Cp1252 
java_command: sound.GUI
Launcher Type: SUN_STANDARD

Environment Variables:
CLASSPATH=.;C:\Program Files\Java\jdk1.6.0_23\jre\lib\ext\QTJava.zip
PATH=C:/Program Files/Java/jre6/bin/client;C:/Program Files/Java/jre6/bin;C:/Program Files/Java/jre6/lib/i386;C:\watcom-1.3\binnt;C:\watcom-1.3\binw;C:\Program Files\Common Files\Microsoft Shared\Windows Live;C:\Program Files\NVIDIA Corporation\PhysX\Common;C:\Windows\system32;C:\Windows;C:\Windows\System32\Wbem;C:\Windows\System32\WindowsPowerShell\v1.0\;C:\Program Files\Common Files\Roxio Shared\DLLShared\;C:\Program Files\Common Files\Roxio Shared\10.0\DLLShared\;C:\Program Files\QuickTime\QTSystem\;C:\Program Files\Windows Live\Shared
USERNAME=Sam
OS=Windows_NT
PROCESSOR_IDENTIFIER=x86 Family 6 Model 15 Stepping 13, GenuineIntel



---------------  S Y S T E M  ---------------

OS: Windows 7 Build 7600 

CPU:total 2 (2 cores per cpu, 1 threads per core) family 6 model 15 stepping 13, cmov, cx8, fxsr, mmx, sse, sse2, sse3, ssse3

Memory: 4k page, physical 2095168k(793468k free), swap 4190336k(1546248k free)

vm_info: Java HotSpot(TM) Client VM (19.0-b09) for windows-x86 JRE (1.6.0_23-b05), built on Nov 12 2010 15:00:43 by "java_re" with MS VC++ 7.1 (VS2003)

time: Sat Jan 29 22:00:53 2011
elapsed time: 341 seconds

